<?xml version="1.0" encoding="UTF-8"?>
<testsuite name="TestSuite" time="11.257" tests="1" errors="0" skipped="0" failures="1">
  <properties>
    <property name="java.runtime.name" value="Java(TM) SE Runtime Environment"/>
    <property name="sun.boot.library.path" value="c:\Program Files\Java\jdk1.8.0_131\jre\bin"/>
    <property name="java.vm.version" value="25.131-b11"/>
    <property name="java.vm.vendor" value="Oracle Corporation"/>
    <property name="maven.multiModuleProjectDirectory" value="E:\ATP\Lecture5_selenium\SeleniumLecture5"/>
    <property name="java.vendor.url" value="http://java.oracle.com/"/>
    <property name="path.separator" value=";"/>
    <property name="guice.disable.misplaced.annotation.check" value="true"/>
    <property name="java.vm.name" value="Java HotSpot(TM) 64-Bit Server VM"/>
    <property name="file.encoding.pkg" value="sun.io"/>
    <property name="user.script" value=""/>
    <property name="user.country" value="BY"/>
    <property name="sun.java.launcher" value="SUN_STANDARD"/>
    <property name="sun.os.patch.level" value=""/>
    <property name="java.vm.specification.name" value="Java Virtual Machine Specification"/>
    <property name="user.dir" value="E:\ATP\Lecture5_selenium\SeleniumLecture5"/>
    <property name="java.runtime.version" value="1.8.0_131-b11"/>
    <property name="java.awt.graphicsenv" value="sun.awt.Win32GraphicsEnvironment"/>
    <property name="java.endorsed.dirs" value="c:\Program Files\Java\jdk1.8.0_131\jre\lib\endorsed"/>
    <property name="os.arch" value="amd64"/>
    <property name="java.io.tmpdir" value="C:\Users\Masha\AppData\Local\Temp\"/>
    <property name="line.separator" value="&#10;"/>
    <property name="java.vm.specification.vendor" value="Oracle Corporation"/>
    <property name="user.variant" value=""/>
    <property name="os.name" value="Windows 10"/>
    <property name="classworlds.conf" value="c:\Data\apache-maven-3.5.2\bin\..\bin\m2.conf"/>
    <property name="sun.jnu.encoding" value="Cp1251"/>
    <property name="java.library.path" value="c:\Program Files\Java\jdk1.8.0_131\bin;C:\Windows\Sun\Java\bin;C:\Windows\system32;C:\Windows;C:\ProgramData\Oracle\Java\javapath;C:\Program Files (x86)\Intel\iCLS Client\;C:\Program Files\Intel\iCLS Client\;C:\Windows\system32;C:\Windows;C:\Windows\System32\Wbem;C:\Windows\System32\WindowsPowerShell\v1.0\;C:\Program Files (x86)\Intel\Intel(R) Management Engine Components\DAL;C:\Program Files\Intel\Intel(R) Management Engine Components\DAL;C:\Program Files (x86)\Intel\Intel(R) Management Engine Components\IPT;C:\Program Files\Intel\Intel(R) Management Engine Components\IPT;C:\Program Files (x86)\Skype\Phone\;c:\Program Files\Java\jdk1.8.0_131\bin\;C:\Program Files\Intel\WiFi\bin\;C:\Program Files\Common Files\Intel\WirelessCommon\;C:\Program Files\Git\cmd;E:\ATP\nodejs\;c:\Data\apache-maven-3.5.2\bin\;c:\Program Files\Intel\WiFi\bin\;c:\Program Files\Common Files\Intel\WirelessCommon\;C:\Users\Masha\AppData\Roaming\npm;C:\Data\apache-maven-3.5.2\bin\;."/>
    <property name="maven.conf" value="c:\Data\apache-maven-3.5.2\bin\../conf"/>
    <property name="java.specification.name" value="Java Platform API Specification"/>
    <property name="java.class.version" value="52.0"/>
    <property name="sun.management.compiler" value="HotSpot 64-Bit Tiered Compilers"/>
    <property name="os.version" value="10.0"/>
    <property name="library.jansi.path" value="c:\Data\apache-maven-3.5.2\bin\..\lib\jansi-native"/>
    <property name="user.home" value="C:\Users\Masha"/>
    <property name="user.timezone" value="Europe/Minsk"/>
    <property name="java.awt.printerjob" value="sun.awt.windows.WPrinterJob"/>
    <property name="java.specification.version" value="1.8"/>
    <property name="file.encoding" value="Cp1251"/>
    <property name="user.name" value="Masha"/>
    <property name="java.class.path" value="c:\Data\apache-maven-3.5.2\bin\..\boot\plexus-classworlds-2.5.2.jar"/>
    <property name="java.vm.specification.version" value="1.8"/>
    <property name="sun.arch.data.model" value="64"/>
    <property name="java.home" value="c:\Program Files\Java\jdk1.8.0_131\jre"/>
    <property name="sun.java.command" value="org.codehaus.plexus.classworlds.launcher.Launcher clean test"/>
    <property name="java.specification.vendor" value="Oracle Corporation"/>
    <property name="user.language" value="be"/>
    <property name="awt.toolkit" value="sun.awt.windows.WToolkit"/>
    <property name="java.vm.info" value="mixed mode"/>
    <property name="java.version" value="1.8.0_131"/>
    <property name="java.ext.dirs" value="c:\Program Files\Java\jdk1.8.0_131\jre\lib\ext;C:\Windows\Sun\Java\lib\ext"/>
    <property name="sun.boot.class.path" value="c:\Program Files\Java\jdk1.8.0_131\jre\lib\resources.jar;c:\Program Files\Java\jdk1.8.0_131\jre\lib\rt.jar;c:\Program Files\Java\jdk1.8.0_131\jre\lib\sunrsasign.jar;c:\Program Files\Java\jdk1.8.0_131\jre\lib\jsse.jar;c:\Program Files\Java\jdk1.8.0_131\jre\lib\jce.jar;c:\Program Files\Java\jdk1.8.0_131\jre\lib\charsets.jar;c:\Program Files\Java\jdk1.8.0_131\jre\lib\jfr.jar;c:\Program Files\Java\jdk1.8.0_131\jre\classes"/>
    <property name="sun.stderr.encoding" value="cp866"/>
    <property name="java.vendor" value="Oracle Corporation"/>
    <property name="maven.home" value="c:\Data\apache-maven-3.5.2\bin\.."/>
    <property name="file.separator" value="\"/>
    <property name="java.vendor.url.bug" value="http://bugreport.sun.com/bugreport/"/>
    <property name="sun.cpu.endian" value="little"/>
    <property name="sun.io.unicode.encoding" value="UnicodeLittle"/>
    <property name="sun.stdout.encoding" value="cp866"/>
    <property name="sun.desktop" value="windows"/>
    <property name="sun.cpu.isalist" value="amd64"/>
  </properties>
  <testcase name="login" classname="by.epam.atm.lecture9.tests.MailWebDriverTest" time="11.257">
    <failure message="no such element: Unable to locate element: {&quot;method&quot;:&quot;xpath&quot;,&quot;selector&quot;:&quot;//input[@value=&apos;Р’РѕР№С‚Рё&apos;]&quot;}&#10;  (Session info: chrome=64.0.3282.186)&#10;  (Driver info: chromedriver=2.34.522940 (1a76f96f66e3ca7b8e57d503b4dd3bccfba87af1),platform=Windows NT 10.0.10240 x86_64) (WARNING: The server did not provide any stacktrace information)&#10;Command duration or timeout: 0 milliseconds&#10;For documentation on this error, please visit: http://seleniumhq.org/exceptions/no_such_element.html&#10;Build info: version: &apos;3.8.1&apos;, revision: &apos;6e95a6684b&apos;, time: &apos;2017-12-01T18:33:54.468Z&apos;&#10;System info: host: &apos;MASHA-HP&apos;, ip: &apos;192.168.100.6&apos;, os.name: &apos;Windows 10&apos;, os.arch: &apos;amd64&apos;, os.version: &apos;10.0&apos;, java.version: &apos;1.8.0_131&apos;&#10;Driver info: org.openqa.selenium.chrome.ChromeDriver&#10;Capabilities {acceptSslCerts: true, applicationCacheEnabled: false, browserConnectionEnabled: false, browserName: chrome, chrome: {chromedriverVersion: 2.34.522940 (1a76f96f66e3ca..., userDataDir: C:\Users\Masha\AppData\Loca...}, cssSelectorsEnabled: true, databaseEnabled: false, handlesAlerts: true, hasTouchScreen: false, javascriptEnabled: true, locationContextEnabled: true, mobileEmulationEnabled: false, nativeEvents: true, networkConnectionEnabled: false, pageLoadStrategy: normal, platform: XP, platformName: XP, rotatable: false, setWindowRect: true, takesHeapSnapshot: true, takesScreenshot: true, unexpectedAlertBehaviour: , unhandledPromptBehavior: , version: 64.0.3282.186, webStorageEnabled: true}&#10;Session ID: 38ad6f3ffde1a3268c975c1ac318191c&#10;*** Element info: {Using=xpath, value=//input[@value=&apos;Р’РѕР№С‚Рё&apos;]}" type="org.openqa.selenium.NoSuchElementException">org.openqa.selenium.NoSuchElementException: no such element: Unable to locate element: {"method":"xpath","selector":"//input[@value='Р’РѕР№С‚Рё']"}
  (Session info: chrome=64.0.3282.186)
  (Driver info: chromedriver=2.34.522940 (1a76f96f66e3ca7b8e57d503b4dd3bccfba87af1),platform=Windows NT 10.0.10240 x86_64) (WARNING: The server did not provide any stacktrace information)
Command duration or timeout: 0 milliseconds
For documentation on this error, please visit: http://seleniumhq.org/exceptions/no_such_element.html
Build info: version: '3.8.1', revision: '6e95a6684b', time: '2017-12-01T18:33:54.468Z'
System info: host: 'MASHA-HP', ip: '192.168.100.6', os.name: 'Windows 10', os.arch: 'amd64', os.version: '10.0', java.version: '1.8.0_131'
Driver info: org.openqa.selenium.chrome.ChromeDriver
Capabilities {acceptSslCerts: true, applicationCacheEnabled: false, browserConnectionEnabled: false, browserName: chrome, chrome: {chromedriverVersion: 2.34.522940 (1a76f96f66e3ca..., userDataDir: C:\Users\Masha\AppData\Loca...}, cssSelectorsEnabled: true, databaseEnabled: false, handlesAlerts: true, hasTouchScreen: false, javascriptEnabled: true, locationContextEnabled: true, mobileEmulationEnabled: false, nativeEvents: true, networkConnectionEnabled: false, pageLoadStrategy: normal, platform: XP, platformName: XP, rotatable: false, setWindowRect: true, takesHeapSnapshot: true, takesScreenshot: true, unexpectedAlertBehaviour: , unhandledPromptBehavior: , version: 64.0.3282.186, webStorageEnabled: true}
Session ID: 38ad6f3ffde1a3268c975c1ac318191c
*** Element info: {Using=xpath, value=//input[@value='Р’РѕР№С‚Рё']}
	at sun.reflect.NativeConstructorAccessorImpl.newInstance0(Native Method)
	at sun.reflect.NativeConstructorAccessorImpl.newInstance(NativeConstructorAccessorImpl.java:62)
	at sun.reflect.DelegatingConstructorAccessorImpl.newInstance(DelegatingConstructorAccessorImpl.java:45)
	at java.lang.reflect.Constructor.newInstance(Constructor.java:423)
	at org.openqa.selenium.remote.ErrorHandler.createThrowable(ErrorHandler.java:214)
	at org.openqa.selenium.remote.ErrorHandler.throwIfResponseFailed(ErrorHandler.java:166)
	at org.openqa.selenium.remote.http.JsonHttpResponseCodec.reconstructValue(JsonHttpResponseCodec.java:40)
	at org.openqa.selenium.remote.http.AbstractHttpResponseCodec.decode(AbstractHttpResponseCodec.java:80)
	at org.openqa.selenium.remote.http.AbstractHttpResponseCodec.decode(AbstractHttpResponseCodec.java:44)
	at org.openqa.selenium.remote.HttpCommandExecutor.execute(HttpCommandExecutor.java:164)
	at org.openqa.selenium.remote.service.DriverCommandExecutor.execute(DriverCommandExecutor.java:83)
	at org.openqa.selenium.remote.RemoteWebDriver.execute(RemoteWebDriver.java:601)
	at org.openqa.selenium.remote.RemoteWebDriver.findElement(RemoteWebDriver.java:371)
	at org.openqa.selenium.remote.RemoteWebDriver.findElementByXPath(RemoteWebDriver.java:473)
	at org.openqa.selenium.By$ByXPath.findElement(By.java:361)
	at org.openqa.selenium.remote.RemoteWebDriver.findElement(RemoteWebDriver.java:363)
	at by.epam.atm.patterns.decorator.driver_decorator.WebDriverDecorator.findElement(WebDriverDecorator.java:46)
	at org.openqa.selenium.support.pagefactory.DefaultElementLocator.findElement(DefaultElementLocator.java:69)
	at org.openqa.selenium.support.pagefactory.internal.LocatingElementHandler.invoke(LocatingElementHandler.java:38)
	at com.sun.proxy.$Proxy39.getWrappedElement(Unknown Source)
	at org.openqa.selenium.remote.internal.WebElementToJsonConverter.apply(WebElementToJsonConverter.java:51)
	at com.google.common.collect.Iterators$6.transform(Iterators.java:820)
	at com.google.common.collect.TransformedIterator.next(TransformedIterator.java:48)
	at com.google.common.collect.Iterators.addAll(Iterators.java:373)
	at com.google.common.collect.Lists.newArrayList(Lists.java:165)
	at com.google.common.collect.Lists.newArrayList(Lists.java:150)
	at org.openqa.selenium.remote.RemoteWebDriver.executeScript(RemoteWebDriver.java:535)
	at by.epam.atm.utiles.HighlightElement.highlightElement(HighlightElement.java:11)
	at by.epam.atm.patterns.decorator.driver_decorator.WebDriverDecorator.click(WebDriverDecorator.java:50)
	at by.epam.atm.lecture9.pages.LoginPage.loginToMail(LoginPage.java:33)
	at by.epam.atm.lecture9.tests.MailWebDriverTest.login(MailWebDriverTest.java:44)
</failure>
    <system-out><![CDATA[WARNING! More than one ReportPortal listener is added
[TestNG] [WARN] Ignoring duplicate listener : com.epam.reportportal.testng.ReportPortalTestNGListener
[TestNG] [WARN] Ignoring duplicate listener : com.epam.reportportal.testng.ReportPortalTestNGListener
[2018-03-05 23:27:36][DEBUG] [main] CustomLogger: Setting implicit timeout to 10 seconds
[2018-03-05 23:27:36][INFO ] [main] CustomLogger: Getting an instance of web driver: CHROME
[2018-03-05 23:27:39][DEBUG] [main] CustomLogger: Getting an instance of WebDriverWait and setting explicit timeout to 16 seconds
[2018-03-05 23:27:39][INFO ] [main] CustomLogger: Finding element: By.id: mailbox:login
[2018-03-05 23:27:39][INFO ] [main] CustomLogger: Finding element: By.id: mailbox:login
[2018-03-05 23:27:39][INFO ] [main] CustomLogger: Finding element: By.id: mailbox:login
[2018-03-05 23:27:39][INFO ] [main] CustomLogger: Highlighting element '' [[ChromeDriver: chrome on XP (38ad6f3ffde1a3268c975c1ac318191c)] -> id: mailbox:login]
[2018-03-05 23:27:39][INFO ] [main] CustomLogger: Finding element: By.id: mailbox:login
[2018-03-05 23:27:39][INFO ] [main] CustomLogger: Finding element: By.id: mailbox:login
[2018-03-05 23:27:39][INFO ] [main] CustomLogger: Finding element: By.id: mailbox:login
[2018-03-05 23:27:39][INFO ] [main] CustomLogger: Typing text into element: '' [[ChromeDriver: chrome on XP (38ad6f3ffde1a3268c975c1ac318191c)] -> id: mailbox:login]
[2018-03-05 23:27:39][INFO ] [main] CustomLogger: Finding element: By.id: mailbox:login
[2018-03-05 23:27:39][INFO ] [main] CustomLogger: Finding element: By.id: mailbox:login
[2018-03-05 23:27:39][INFO ] [main] CustomLogger: Finding element: By.id: mailbox:login
[2018-03-05 23:27:39][INFO ] [main] CustomLogger: Unhighlighting element '' [[ChromeDriver: chrome on XP (38ad6f3ffde1a3268c975c1ac318191c)] -> id: mailbox:login]
[2018-03-05 23:27:39][INFO ] [main] CustomLogger: Finding element: By.id: mailbox:password
[2018-03-05 23:27:39][INFO ] [main] CustomLogger: Finding element: By.id: mailbox:password
[2018-03-05 23:27:40][INFO ] [main] CustomLogger: Finding element: By.id: mailbox:password
[2018-03-05 23:27:40][INFO ] [main] CustomLogger: Highlighting element '' [[ChromeDriver: chrome on XP (38ad6f3ffde1a3268c975c1ac318191c)] -> id: mailbox:password]
[2018-03-05 23:27:40][INFO ] [main] CustomLogger: Finding element: By.id: mailbox:password
[2018-03-05 23:27:40][INFO ] [main] CustomLogger: Finding element: By.id: mailbox:password
[2018-03-05 23:27:40][INFO ] [main] CustomLogger: Finding element: By.id: mailbox:password
[2018-03-05 23:27:40][INFO ] [main] CustomLogger: Typing text into element: '' [[ChromeDriver: chrome on XP (38ad6f3ffde1a3268c975c1ac318191c)] -> id: mailbox:password]
[2018-03-05 23:27:40][INFO ] [main] CustomLogger: Finding element: By.id: mailbox:password
[2018-03-05 23:27:40][INFO ] [main] CustomLogger: Finding element: By.id: mailbox:password
[2018-03-05 23:27:40][INFO ] [main] CustomLogger: Finding element: By.id: mailbox:password
[2018-03-05 23:27:40][INFO ] [main] CustomLogger: Unhighlighting element '' [[ChromeDriver: chrome on XP (38ad6f3ffde1a3268c975c1ac318191c)] -> id: mailbox:password]
[2018-03-05 23:27:40][INFO ] [main] CustomLogger: Finding element: By.xpath: //input[@value='Р’РѕР№С‚Рё']
]]></system-out>
    <system-err><![CDATA[SLF4J: Failed to load class "org.slf4j.impl.StaticLoggerBinder".
SLF4J: Defaulting to no-operation (NOP) logger implementation
SLF4J: See http://www.slf4j.org/codes.html#StaticLoggerBinder for further details.
Starting ChromeDriver 2.34.522940 (1a76f96f66e3ca7b8e57d503b4dd3bccfba87af1) on port 31922
Only local connections are allowed.
скв 05, 2018 11:27:35 PM org.openqa.selenium.remote.ProtocolHandshake createSession
INFO: Detected dialect: OSS
]]></system-err>
  </testcase>
</testsuite>